2026-03-02 11:18:45 - SUCCESS: Tree successfully mutated.
2026-03-02 11:18:45 - DB Diags: ["Using existing active_template ID: 38","Updated ID: 38"]
2026-03-02 12:03:02 - SUCCESS: Tree successfully mutated.
2026-03-02 12:03:02 - DB Diags: ["Matched Template Slug: page","Inserted ID: 44. Terms: [\"2\"]"]
2026-03-02 12:04:06 - SUCCESS: Tree successfully mutated.
2026-03-02 12:04:06 - DB Diags: ["No active_template, updating original post ID: 10","Updated ID: 10"]
2026-03-02 12:05:27 - SUCCESS: Tree successfully mutated.
2026-03-02 12:05:27 - DB Diags: ["Matched Template Slug: page","Using existing active_template ID: 44","Updated ID: 44"]
2026-03-02 12:06:50 - SUCCESS: Tree successfully mutated.
2026-03-02 12:06:50 - DB Diags: ["Matched Template Slug: page","Using existing active_template ID: 44","Updated ID: 44"]
2026-03-02 12:07:42 - SUCCESS: Tree successfully mutated.
2026-03-02 12:07:42 - DB Diags: ["Matched Template Slug: page","Using existing active_template ID: 44","Updated ID: 44"]
2026-03-02 12:08:34 - SUCCESS: Tree successfully mutated.
2026-03-02 12:08:34 - DB Diags: ["No active_template, updating original post ID: 10","Updated ID: 10"]
2026-03-02 12:09:38 - SUCCESS: Tree successfully mutated.
2026-03-02 12:09:39 - DB Diags: ["No active_template, updating original post ID: 10","Updated ID: 10"]
2026-03-02 12:19:49 - SUCCESS: Tree successfully mutated.
2026-03-02 12:19:49 - DB Diags: ["No active_template, updating original post ID: 10","Updated ID: 10"]
2026-03-02 12:28:23 - SUCCESS: Tree successfully mutated.
2026-03-02 12:28:23 - DB Diags: ["No active_template, updating original post ID: 10","Updated ID: 10"]
2026-03-02 12:32:20 - SUCCESS: Tree successfully mutated.
2026-03-02 12:32:20 - DB Diags: ["No active_template, updating original post ID: 10","Updated ID: 10"]
2026-03-02 12:38:57 - SUCCESS: Tree successfully mutated.
2026-03-02 12:38:57 - DB Diags: ["No active_template, updating original post ID: 10","Updated ID: 10"]
2026-03-02 12:44:25 - SUCCESS: Tree successfully mutated.
2026-03-02 12:44:25 - DB Diags: ["No active_template, updating original post ID: 10","Updated ID: 10"]
2026-03-02 12:52:08 - SUCCESS: Tree successfully mutated.
2026-03-02 12:52:08 - DB Diags: ["No active_template, updating original post ID: 10","Updated ID: 10"]
2026-03-02 12:52:47 - SUCCESS: Tree successfully mutated.
2026-03-02 12:52:47 - DB Diags: ["Matched Template Slug: page","Using existing active_template ID: 44","Updated ID: 44"]
2026-03-02 13:20:14 - SUCCESS: Tree successfully mutated.
2026-03-02 13:20:14 - DB Diags: ["Matched Template Slug: page","Using existing active_template ID: 44","Updated ID: 44"]
2026-03-02 13:21:11 - SUCCESS: Tree successfully mutated.
2026-03-02 13:21:11 - DB Diags: ["Matched Template Slug: page","Using existing active_template ID: 44","Updated ID: 44"]
2026-03-02 13:22:45 - SUCCESS: Tree successfully mutated.
2026-03-02 13:22:45 - DB Diags: ["Matched Template Slug: page","Using existing active_template ID: 44","Updated ID: 44"]
2026-03-02 13:23:42 - SUCCESS: Tree successfully mutated.
2026-03-02 13:23:42 - DB Diags: ["Matched Template Slug: page","Using existing active_template ID: 44","Updated ID: 44"]
2026-03-02 13:32:22 - SUCCESS: Tree successfully mutated.
2026-03-02 13:32:22 - DB Diags: ["Matched Template Slug: page","Using existing active_template ID: 44","Updated ID: 44"]
2026-03-03 20:02:13 - SUCCESS: Tree successfully mutated.
2026-03-03 20:02:13 - DB Diags: ["No active_template, updating original post ID: 6","Updated ID: 6"]
2026-03-03 20:02:46 - SUCCESS: Tree successfully mutated.
2026-03-03 20:02:46 - DB Diags: ["Matched Template Slug: page","Using existing active_template ID: 44","Updated ID: 44"]
2026-03-03 20:20:06 - SUCCESS: Tree successfully mutated.
2026-03-03 20:20:06 - DB Diags: ["Matched Template Slug: page","Using existing active_template ID: 44","Updated ID: 44"]
2026-03-03 20:21:26 - SUCCESS: Tree successfully mutated.
2026-03-03 20:21:26 - DB Diags: ["Matched Template Slug: page","Using existing active_template ID: 44","Updated ID: 44"]
2026-03-03 20:26:24 - SUCCESS: Tree successfully mutated.
2026-03-03 20:26:24 - DB Diags: ["Matched Template Slug: page","Using existing active_template ID: 44","Updated ID: 44"]
2026-03-03 20:28:03 - SUCCESS: Tree successfully mutated.
2026-03-03 20:28:03 - DB Diags: ["Matched Template Slug: page","Using existing active_template ID: 44","Updated ID: 44"]
2026-03-03 20:29:10 - SUCCESS: Tree successfully mutated.
2026-03-03 20:29:10 - DB Diags: ["Matched Template Slug: page","Using existing active_template ID: 44","Updated ID: 44"]
2026-03-03 20:38:30 - SUCCESS: Tree successfully mutated.
2026-03-03 20:38:30 - DB Diags: ["Matched Template Slug: page","Using existing active_template ID: 44","Updated ID: 44"]
2026-03-03 20:40:23 - SUCCESS: Tree successfully mutated.
2026-03-03 20:40:23 - DB Diags: ["Matched Template Slug: page","Using existing active_template ID: 44","Updated ID: 44"]
2026-03-03 20:46:00 - SUCCESS: Tree successfully mutated.
2026-03-03 20:46:00 - DB Diags: ["Matched Template Slug: page","Using existing active_template ID: 44","Updated ID: 44"]
2026-03-03 20:48:55 - SUCCESS: Tree successfully mutated.
2026-03-03 20:48:55 - DB Diags: ["Matched Template Slug: page","Using existing active_template ID: 44","Updated ID: 44","Rendered template part from DB content: footer"]
2026-03-03 20:50:16 - SUCCESS: Tree successfully mutated.
2026-03-03 20:50:16 - DB Diags: ["Matched Template Slug: page","Using existing active_template ID: 44","Updated ID: 44","Rendered template part from DB content: footer"]
2026-03-03 20:55:02 - SUCCESS: Tree successfully mutated.
2026-03-03 20:55:02 - DB Diags: ["Matched Template Slug: page","Using existing active_template ID: 44","Updated ID: 44","Rendered template part from DB content: footer"]
2026-03-03 20:57:00 - SUCCESS: Tree successfully mutated.
2026-03-03 20:57:00 - PAYLOAD OUTPUT: <footer class="wp-block-template-part aipg-part-footer" style="color:var(--wp--preset--color--base);background-color:var(--wp--preset--color--contrast);border-top-color:var(--wp--preset--color--base);border-top-style:solid;border-top-width:1px;padding-top:var(--wp--preset--spacing--60);padding-bottom:var(--wp--preset--spacing--60);padding-left:var(--wp--preset--spacing--50);padding-right:var(--wp--preset--spacing--50);margin-top:0px;margin-bottom:0px;font-size:var(--wp--preset--font-size--x-smal...
2026-03-03 20:57:00 - DB Diags: ["Matched Template Slug: page","Using existing active_template ID: 44","Updated ID: 44","Rendered template part from DB content: footer","Final Template Part HTML Length: 4391"]
2026-03-03 20:59:40 - SUCCESS: Tree successfully mutated.
2026-03-03 20:59:40 - PAYLOAD OUTPUT: <footer class="wp-block-template-part aipg-part-footer" style="color:var(--wp--preset--color--base);background-color:var(--wp--preset--color--contrast);border-top-color:var(--wp--preset--color--base);border-top-style:solid;border-top-width:1px;padding-top:var(--wp--preset--spacing--80);padding-bottom:var(--wp--preset--spacing--80);padding-left:var(--wp--preset--spacing--50);padding-right:var(--wp--preset--spacing--50);margin-top:0px;margin-bottom:0px;font-size:var(--wp--preset--font-size--small)...
2026-03-03 20:59:40 - DB Diags: ["Matched Template Slug: page","Using existing active_template ID: 44","Updated ID: 44","Rendered template part from DB content: footer","Final Template Part HTML Length: 4364"]
2026-03-03 21:06:04 - SUCCESS: Tree successfully mutated.
2026-03-03 21:06:04 - PAYLOAD OUTPUT: <footer class="wp-block-template-part aipg-part-footer" style="color:var(--wp--preset--color--base);background-color:var(--wp--preset--color--contrast);border-top-color:var(--wp--preset--color--base);border-top-style:solid;border-top-width:1px;padding-top:var(--wp--preset--spacing--60);padding-bottom:var(--wp--preset--spacing--60);padding-left:var(--wp--preset--spacing--50);padding-right:var(--wp--preset--spacing--50);margin-top:0px;margin-bottom:0px;font-size:var(--wp--preset--font-size--small)...
2026-03-03 21:06:04 - DB Diags: ["Matched Template Slug: page","Using existing active_template ID: 44","Updated ID: 44","Rendered template part from DB content: footer","Final Template Part HTML Length: 4389"]
2026-03-03 21:09:26 - SUCCESS: Tree successfully mutated.
2026-03-03 21:09:26 - PAYLOAD OUTPUT: <footer class="wp-block-template-part aipg-part-footer" style="color:var(--wp--preset--color--base);background-color:var(--wp--preset--color--contrast);border-top-color:var(--wp--preset--color--base);border-top-style:solid;border-top-width:1px;padding-top:var(--wp--preset--spacing--80);padding-bottom:var(--wp--preset--spacing--80);padding-left:var(--wp--preset--spacing--50);padding-right:var(--wp--preset--spacing--50);margin-top:0px;margin-bottom:0px;font-size:var(--wp--preset--font-size--small)...
2026-03-03 21:09:26 - DB Diags: ["Matched Template Slug: page","Using existing active_template ID: 44","Updated ID: 44","Rendered template part from DB content: footer","Final Template Part HTML Length: 4384"]
2026-03-05 15:32:27 - SUCCESS: Tree successfully mutated.
2026-03-05 15:32:27 - PAYLOAD OUTPUT: <footer class="wp-block-template-part aipg-part-footer" style="color:var(--wp--preset--color--base);background-color:var(--wp--preset--color--contrast);padding-top:var(--wp--preset--spacing--60);padding-bottom:var(--wp--preset--spacing--60);padding-left:var(--wp--preset--spacing--50);padding-right:var(--wp--preset--spacing--50);margin-top:0px;margin-bottom:0px;font-size:var(--wp--preset--font-size--small);font-family:var(--wp--preset--font-family--sans-serif);font-weight:300;line-height:1.4;text...
2026-03-05 15:32:27 - DB Diags: ["Matched Template Slug: page","Using existing active_template ID: 44","Updated ID: 44","Rendered template part from DB content: footer","Final Template Part HTML Length: 4297"]
2026-03-05 15:33:36 - SUCCESS: Tree successfully mutated.
2026-03-05 15:33:36 - DB Diags: ["No active_template, updating original post ID: 9","Updated ID: 9"]
2026-03-05 15:34:38 - SUCCESS: Tree successfully mutated.
2026-03-05 15:34:38 - DB Diags: ["No active_template, updating original post ID: 9","Updated ID: 9"]
2026-03-05 16:02:26 - SUCCESS: Tree successfully mutated.
2026-03-05 16:02:26 - DB Diags: ["No active_template, updating original post ID: 9","Updated ID: 9"]
2026-03-05 16:03:17 - SUCCESS: Tree successfully mutated.
2026-03-05 16:03:17 - DB Diags: ["No active_template, updating original post ID: 9","Updated ID: 9"]
2026-03-05 16:04:10 - SUCCESS: Tree successfully mutated.
2026-03-05 16:04:10 - DB Diags: ["No active_template, updating original post ID: 9","Updated ID: 9"]
2026-03-05 16:05:10 - SUCCESS: Tree successfully mutated.
2026-03-05 16:05:10 - DB Diags: ["No active_template, updating original post ID: 9","Updated ID: 9"]
2026-03-05 16:06:17 - SUCCESS: Tree successfully mutated.
2026-03-05 16:06:17 - DB Diags: ["No active_template, updating original post ID: 9","Updated ID: 9"]
2026-03-05 16:08:01 - SUCCESS: Tree successfully mutated.
2026-03-05 16:08:02 - PAYLOAD OUTPUT: <footer class="wp-block-template-part aipg-part-footer" style="color:var(--wp--preset--color--base);background-color:#080808;border-top-style:solid;border-top-width:1px;padding-top:120px;padding-bottom:80px;padding-left:var(--wp--preset--spacing--80);padding-right:var(--wp--preset--spacing--80);margin-top:0px;margin-bottom:0px;font-size:0.65rem;font-family:var(--wp--preset--font-family--sans-serif);font-weight:500;line-height:1.2;text-transform:uppercase;letter-spacing:0.4em;">
<div class="wp-bl...
2026-03-05 16:08:02 - DB Diags: ["Matched Template Slug: page","Using existing active_template ID: 44","Updated ID: 44","Rendered template part from DB content: footer","Final Template Part HTML Length: 4234"]
2026-03-05 16:09:07 - SUCCESS: Tree successfully mutated.
2026-03-05 16:09:07 - DB Diags: ["Matched Template Slug: page","Using existing active_template ID: 44","Updated ID: 44"]
2026-03-05 16:32:23 - SUCCESS: Tree successfully mutated.
2026-03-05 16:32:23 - DB Diags: ["Matched Template Slug: page","Using existing active_template ID: 44","Updated ID: 44"]
2026-03-05 16:41:24 - SUCCESS: Tree successfully mutated.
2026-03-05 16:41:24 - DB Diags: ["Matched Template Slug: page","Using existing active_template ID: 44","Updated ID: 44"]
2026-03-05 16:42:08 - SUCCESS: Tree successfully mutated.
2026-03-05 16:42:08 - DB Diags: ["Matched Template Slug: page","Using existing active_template ID: 44","Updated ID: 44"]
2026-03-05 16:42:53 - SUCCESS: Tree successfully mutated.
2026-03-05 16:42:53 - PAYLOAD OUTPUT: <div class="wp-block-template-part aipg-part-" style="border-bottom-width:1px;border-bottom-style:solid;padding-top:clamp(1.5rem, 3vh, 2.5rem);padding-bottom:clamp(1.5rem, 3vh, 2.5rem);padding-left:clamp(1.5rem, 5vw, 4rem);padding-right:clamp(1.5rem, 5vw, 4rem);margin-top:0px;margin-bottom:0px;"><div style="padding: 20px; text-align: center; opacity: 0.7;">
                            <em>AI Updated Template Part (template-part). Refresh page to see full changes.</em>
                        <...
2026-03-05 16:42:53 - DB Diags: ["Matched Template Slug: page","Using existing active_template ID: 44","Updated ID: 44","Warning: Template part rendered empty HTML, creating synthetic wrapper.","Final Template Part HTML Length: 511"]
2026-03-05 18:51:21 - SUCCESS: Tree successfully mutated.
2026-03-05 18:51:21 - DB Diags: ["No active_template, updating original post ID: 6","Updated ID: 6"]
